Copyright 1986-2020 Xilinx, Inc. All Rights Reserved.
------------------------------------------------------------------------------------------
| Tool Version : Vivado v.2020.2 (win64) Build 3064766 Wed Nov 18 09:12:45 MST 2020
| Date         : Mon Mar 15 20:39:26 2021
| Host         : DESKTOP-S0HONA0 running 64-bit major release  (build 9200)
| Command      : report_control_sets -verbose -file votingMachine_control_sets_placed.rpt
| Design       : votingMachine
| Device       : xc7z020
------------------------------------------------------------------------------------------

Control Set Information

Table of Contents
-----------------
1. Summary
2. Histogram
3. Flip-Flop Distribution
4. Detailed Control Set Information

1. Summary
----------

+----------------------------------------------------------+-------+
|                          Status                          | Count |
+----------------------------------------------------------+-------+
| Total control sets                                       |     7 |
|    Minimum number of control sets                        |     7 |
|    Addition due to synthesis replication                 |     0 |
|    Addition due to physical synthesis replication        |     0 |
| Unused register locations in slices containing registers |     5 |
+----------------------------------------------------------+-------+
* Control sets can be merged at opt_design using control_set_merge or merge_equivalent_drivers
** Run report_qor_suggestions for automated merging and remapping suggestions


2. Histogram
------------

+--------------------+-------+
|       Fanout       | Count |
+--------------------+-------+
| Total control sets |     7 |
| >= 0 to < 4        |     0 |
| >= 4 to < 6        |     0 |
| >= 6 to < 8        |     0 |
| >= 8 to < 10       |     2 |
| >= 10 to < 12      |     0 |
| >= 12 to < 14      |     0 |
| >= 14 to < 16      |     0 |
| >= 16              |     5 |
+--------------------+-------+
* Control sets can be remapped at either synth_design or opt_design


3. Flip-Flop Distribution
-------------------------

+--------------+-----------------------+------------------------+-----------------+--------------+
| Clock Enable | Synchronous Set/Reset | Asynchronous Set/Reset | Total Registers | Total Slices |
+--------------+-----------------------+------------------------+-----------------+--------------+
| No           | No                    | No                     |               0 |            0 |
| No           | No                    | Yes                    |               0 |            0 |
| No           | Yes                   | No                     |              39 |           14 |
| Yes          | No                    | No                     |               0 |            0 |
| Yes          | No                    | Yes                    |               0 |            0 |
| Yes          | Yes                   | No                     |             132 |           34 |
+--------------+-----------------------+------------------------+-----------------+--------------+


4. Detailed Control Set Information
-----------------------------------

+------------------+---------------------------+---------------------------------------+------------------+----------------+--------------+
|   Clock Signal   |       Enable Signal       |            Set/Reset Signal           | Slice Load Count | Bel Load Count | Bels / Slice |
+------------------+---------------------------+---------------------------------------+------------------+----------------+--------------+
|  clock_IBUF_BUFG |                           | reset_IBUF                            |                6 |              8 |         1.33 |
|  clock_IBUF_BUFG | bc4/E[0]                  | reset_IBUF                            |                2 |              8 |         4.00 |
|  clock_IBUF_BUFG |                           | nolabel_line101/counter[0]_i_1__0_n_0 |                8 |             31 |         3.88 |
|  clock_IBUF_BUFG | bc1/counter[0]_i_2_n_0    | bc1/counter[0]_i_1_n_0                |                8 |             31 |         3.88 |
|  clock_IBUF_BUFG | bc2/counter[0]_i_2__0_n_0 | bc2/counter[0]_i_1__1_n_0             |                8 |             31 |         3.88 |
|  clock_IBUF_BUFG | bc3/counter[0]_i_2__1_n_0 | bc3/counter[0]_i_1__2_n_0             |                8 |             31 |         3.88 |
|  clock_IBUF_BUFG | bc4/counter[0]_i_2__2_n_0 | bc4/counter[0]_i_1__3_n_0             |                8 |             31 |         3.88 |
+------------------+---------------------------+---------------------------------------+------------------+----------------+--------------+


